%!Adobe-FontList 1.24
%Locale:0x409

%BeginFont
Handler:DirectoryHandler
FontType:TrueType
FontName:ArialRoundedMTBold
FamilyName:Arial Rounded MT Bold
StyleName:Regular
FullName:Arial Rounded MT Bold
MenuName:Arial Rounded MT Bold
StyleBits:0
WritingScript:Roman
OutlineFileName:C:\Users\Nick\Documents\GitHub\gobooklet\Week 2 Handout\Document fonts\ARLRDBD.TTF
DataFormat:sfntData
hasSVG:no
hasCOLR:no
VariableFontType:NonVariableFont
FileLength:45260
FileModTime:1675866824
WeightClass:400
WidthClass:5
AngleClass:0
NameArray:0,Mac,4,Arial Rounded MT Bold
NameArray:0,Win,1,Arial Rounded MT Bold
%EndFont

%BeginFont
Handler:DirectoryHandler
FontType:TrueType
FontName:Bahnschrift
FamilyName:Bahnschrift
StyleName:Regular
FullName:Bahnschrift
MenuName:Bahnschrift
FamilyPrefix:Bahnschrift
StyleBits:0
WritingScript:Roman
OutlineFileName:C:\Users\Nick\Documents\GitHub\gobooklet\Week 2 Handout\Document fonts\bahnschrift.ttf
DataFormat:sfntData
hasSVG:no
hasCOLR:no
VariableFontType:TrueTypeVariableFont
FileLength:338468
FileModTime:1651900758
WeightClass:400
WidthClass:5
AngleClass:0
NameArray:0,Mac,4,Bahnschrift
NameArray:0,Win,1,Bahnschrift
NameArray:0,Win,16,Bahnschrift
%EndFont

